Hmm ... looks like a package
Converting parsed Rd's to LaTeX .
Creating pdf output from LaTeX ...

This is pdfTeX, Version 3.141592653-2.6-1.40.27 (TeX Live 2025) (preloaded format=pdflatex)
 restricted \write18 enabled.
entering extended mode
LaTeX2e <2024-11-01> patch level 2
L3 programming layer <2025-01-18>
(./Rd2.tex
(/usr/local/texlive/2025/texmf-dist/tex/latex/base/book.cls
Document Class: book 2024/06/29 v1.4n Standard LaTeX document class
(/usr/local/texlive/2025/texmf-dist/tex/latex/base/bk10.clo))
(/Library/Frameworks/R.framework/Resources/share/texmf/tex/latex/Rd.sty
(/usr/local/texlive/2025/texmf-dist/tex/latex/base/ifthen.sty)
(/usr/local/texlive/2025/texmf-dist/tex/generic/iftex/iftex.sty)
(/usr/local/texlive/2025/texmf-dist/tex/latex/tools/longtable.sty)
(/usr/local/texlive/2025/texmf-dist/tex/latex/tools/bm.sty)
(/usr/local/texlive/2025/texmf-dist/tex/latex/base/alltt.sty)
(/usr/local/texlive/2025/texmf-dist/tex/latex/tools/verbatim.sty)
(/usr/local/texlive/2025/texmf-dist/tex/latex/url/url.sty)
(/usr/local/texlive/2025/texmf-dist/tex/latex/base/textcomp.sty)
(/usr/local/texlive/2025/texmf-dist/tex/latex/amsmath/amsmath.sty
For additional information on amsmath, use the `?' option.
(/usr/local/texlive/2025/texmf-dist/tex/latex/amsmath/amstext.sty
(/usr/local/texlive/2025/texmf-dist/tex/latex/amsmath/amsgen.sty))
(/usr/local/texlive/2025/texmf-dist/tex/latex/amsmath/amsbsy.sty)
(/usr/local/texlive/2025/texmf-dist/tex/latex/amsmath/amsopn.sty))
(/usr/local/texlive/2025/texmf-dist/tex/latex/amsfonts/amsfonts.sty)
(/usr/local/texlive/2025/texmf-dist/tex/latex/amsfonts/amssymb.sty)
(/usr/local/texlive/2025/texmf-dist/tex/latex/jknapltx/mathrsfs.sty)
(/usr/local/texlive/2025/texmf-dist/tex/latex/base/fontenc.sty)
(/usr/local/texlive/2025/texmf-dist/tex/latex/psnfss/times.sty)
(/usr/local/texlive/2025/texmf-dist/tex/latex/inconsolata/zi4.sty
`inconsolata-zi4' v1.12, 2019/05/17 Text macros for Inconsolata (msharpe)
(/usr/local/texlive/2025/texmf-dist/tex/latex/xkeyval/xkeyval.sty
(/usr/local/texlive/2025/texmf-dist/tex/generic/xkeyval/xkeyval.tex
(/usr/local/texlive/2025/texmf-dist/tex/generic/xkeyval/xkvutils.tex
(/usr/local/texlive/2025/texmf-dist/tex/generic/xkeyval/keyval.tex)))))
(/usr/local/texlive/2025/texmf-dist/tex/latex/graphics/color.sty
(/usr/local/texlive/2025/texmf-dist/tex/latex/graphics-cfg/color.cfg)
(/usr/local/texlive/2025/texmf-dist/tex/latex/graphics-def/pdftex.def)
(/usr/local/texlive/2025/texmf-dist/tex/latex/graphics/mathcolor.ltx))
(/usr/local/texlive/2025/texmf-dist/tex/latex/hyperref/hyperref.sty
(/usr/local/texlive/2025/texmf-dist/tex/latex/kvsetkeys/kvsetkeys.sty)
(/usr/local/texlive/2025/texmf-dist/tex/generic/kvdefinekeys/kvdefinekeys.sty)
(/usr/local/texlive/2025/texmf-dist/tex/generic/pdfescape/pdfescape.sty
(/usr/local/texlive/2025/texmf-dist/tex/generic/ltxcmds/ltxcmds.sty)
(/usr/local/texlive/2025/texmf-dist/tex/generic/pdftexcmds/pdftexcmds.sty
(/usr/local/texlive/2025/texmf-dist/tex/generic/infwarerr/infwarerr.sty)))
(/usr/local/texlive/2025/texmf-dist/tex/latex/hycolor/hycolor.sty)
(/usr/local/texlive/2025/texmf-dist/tex/latex/hyperref/nameref.sty
(/usr/local/texlive/2025/texmf-dist/tex/latex/refcount/refcount.sty)
(/usr/local/texlive/2025/texmf-dist/tex/generic/gettitlestring/gettitlestring.s
ty (/usr/local/texlive/2025/texmf-dist/tex/latex/kvoptions/kvoptions.sty)))
(/usr/local/texlive/2025/texmf-dist/tex/latex/etoolbox/etoolbox.sty)
(/usr/local/texlive/2025/texmf-dist/tex/generic/stringenc/stringenc.sty)
(/usr/local/texlive/2025/texmf-dist/tex/latex/hyperref/pd1enc.def)
(/usr/local/texlive/2025/texmf-dist/tex/generic/intcalc/intcalc.sty)
(/usr/local/texlive/2025/texmf-dist/tex/latex/hyperref/puenc.def)
(/usr/local/texlive/2025/texmf-dist/tex/generic/bitset/bitset.sty
(/usr/local/texlive/2025/texmf-dist/tex/generic/bigintcalc/bigintcalc.sty))
(/usr/local/texlive/2025/texmf-dist/tex/latex/base/atbegshi-ltx.sty))
(/usr/local/texlive/2025/texmf-dist/tex/latex/hyperref/hpdftex.def
(/usr/local/texlive/2025/texmf-dist/tex/latex/base/atveryend-ltx.sty)
(/usr/local/texlive/2025/texmf-dist/tex/latex/rerunfilecheck/rerunfilecheck.sty

(/usr/local/texlive/2025/texmf-dist/tex/generic/uniquecounter/uniquecounter.sty
)))) (/usr/local/texlive/2025/texmf-dist/tex/latex/base/makeidx.sty)
Writing index file Rd2.idx
(/usr/local/texlive/2025/texmf-dist/tex/latex/psnfss/t1ptm.fd)
(/usr/local/texlive/2025/texmf-dist/tex/latex/l3backend/l3backend-pdftex.def)
No file Rd2.aux.
(/usr/local/texlive/2025/texmf-dist/tex/context/base/mkii/supp-pdf.mkii
[Loading MPS to PDF converter (version 2006.09.02).]
) (/usr/local/texlive/2025/texmf-dist/tex/latex/psnfss/ts1ptm.fd)
(/usr/local/texlive/2025/texmf-dist/tex/latex/inconsolata/t1zi4.fd)
(/usr/local/texlive/2025/texmf-dist/tex/latex/amsfonts/umsa.fd)
(/usr/local/texlive/2025/texmf-dist/tex/latex/amsfonts/umsb.fd)
(/usr/local/texlive/2025/texmf-dist/tex/latex/jknapltx/ursfs.fd)
No file Rd2.toc.

[1{/usr/local/texlive/2025/texmf-var/fonts/map/pdftex/updmap/pdftex.map}{/usr/l
ocal/texlive/2025/texmf-dist/fonts/enc/dvips/base/8r.enc}{/usr/local/texlive/20
25/texmf-dist/fonts/enc/dvips/cm-super/cm-super-ts1.enc}{/usr/local/texlive/202
5/texmf-dist/fonts/enc/dvips/inconsolata/i4-t1-0.enc}]
[2]
[3]
Overfull \hbox (25.3983pt too wide) in paragraph at lines 204--207
[]\T1/ptm/m/n/10 Optional nu-meric start-ing vec-tor on the op-ti-mizer's scale
 ([]\T1/zi4/m/n/10 c(gamma, eta, log_alpha,

Overfull \hbox (0.89778pt too wide) in paragraph at lines 208--210
[]\T1/ptm/m/n/10 Optimizer method passed to [][]stats::optim[][][] ([]\T1/zi4/m
/n/10 "Nelder-Mead" []\T1/ptm/m/n/10 for the four-parameter

[4]
Overfull \hbox (41.558pt too wide) in paragraph at lines 279--285
\T1/ptm/m/n/10 through space and in-ter-act pref-er-en-tially with nearby ac-to
rs. It is pro-duced by [][][]\T1/zi4/m/n/10 simulate_conflict_events()[][][]

[5]
Overfull \hbox (18.1898pt too wide) in paragraph at lines 309--311
[]\T1/ptm/m/n/10 Generated by []\T1/zi4/m/n/10 data-raw/nigeria_sim.R []\T1/ptm
/m/n/10 via []\T1/zi4/m/n/10 simulate_conflict_events(n_actors = 25, n_events

[6]
[7]
Overfull \hbox (5.92906pt too wide) in paragraph at lines 404--406
[]\T1/zi4/m/n/10 "none" []\T1/ptm/m/n/10 (de-fault) re-turns dis-tance in km; [
]\T1/zi4/m/n/10 "log" []\T1/ptm/m/n/10 re-turns []\T1/zi4/m/n/10 log(distance +
 offset)[]\T1/ptm/m/n/10 ,

[8]
Overfull \hbox (14.93753pt too wide) in paragraph at lines 494--499
\T1/ptm/m/n/10 1987). Use it to pool es-ti-mands com-puted on each boot-strap/i
mputation repli-cate of [][][]\T1/zi4/m/n/10 bootstrap_pals()[][][]

[9] (/usr/local/texlive/2025/texmf-dist/tex/latex/inconsolata/ts1zi4.fd)
[10]
Overfull \hbox (13.6595pt too wide) in paragraph at lines 584--586
[]\T1/ptm/m/n/10 Optional [][]pal_events[][][] (for []\T1/zi4/m/n/10 type = "pa
l"[]\T1/ptm/m/n/10 ) or tar-get []\T1/zi4/m/n/10 data.frame []\T1/ptm/m/n/10 wi
th []\T1/zi4/m/n/10 actor1[]\T1/ptm/m/n/10 , []\T1/zi4/m/n/10 actor2[]\T1/ptm/m
/n/10 ,

[11{/usr/local/texlive/2025/texmf-dist/fonts/enc/dvips/inconsolata/i4-ts1.enc}]

[12]
[13]
[14]
No file Rd2.ind.

[15]
(/private/var/folders/qs/xwfx6cwx3p783n5_tv5m_vzrz7qjvm/T/RtmpPyTHFf/Rd2pdf28f5
4a9eb1ec/Rd2.aux)

Package rerunfilecheck Warning: File `Rd2.out' has changed.
(rerunfilecheck)                Rerun to get outlines right
(rerunfilecheck)                or use package `bookmark'.

 )
(see the transcript file for additional information)
pdfTeX warning (dest): name{Rfn.as.Date} has been referenced but does not exist
, replaced by a fixed one


pdfTeX warning (dest): name{Rfn.plot} has been referenced but does not exist, r
eplaced by a fixed one


pdfTeX warning (dest): name{Rfn.predict} has been referenced but does not exist
, replaced by a fixed one


pdfTeX warning (dest): name{Rfn.stats::optim} has been referenced but does not 
exist, replaced by a fixed one


pdfTeX warning (dest): name{Rfn.coef} has been referenced but does not exist, r
eplaced by a fixed one


pdfTeX warning (dest): name{Rfn.summary} has been referenced but does not exist
, replaced by a fixed one


pdfTeX warning (dest): name{Rfn.print} has been referenced but does not exist, 
replaced by a fixed one

</usr/local/texlive/2025/texmf-dist/fonts/type1/public/inconsolata/Inconsolata-
zi4r.pfb></usr/local/texlive/2025/texmf-dist/fonts/type1/public/amsfonts/cm/cme
x10.pfb></usr/local/texlive/2025/texmf-dist/fonts/type1/public/amsfonts/cm/cmmi
10.pfb></usr/local/texlive/2025/texmf-dist/fonts/type1/public/amsfonts/cm/cmmi5
.pfb></usr/local/texlive/2025/texmf-dist/fonts/type1/public/amsfonts/cm/cmmi7.p
fb></usr/local/texlive/2025/texmf-dist/fonts/type1/public/amsfonts/cm/cmr10.pfb
></usr/local/texlive/2025/texmf-dist/fonts/type1/public/amsfonts/cm/cmr7.pfb></
usr/local/texlive/2025/texmf-dist/fonts/type1/public/amsfonts/cm/cmsy10.pfb></u
sr/local/texlive/2025/texmf-dist/fonts/type1/public/amsfonts/cm/cmsy7.pfb></usr
/local/texlive/2025/texmf-dist/fonts/type1/public/cm-super/sfrm1000.pfb></usr/l
ocal/texlive/2025/texmf-dist/fonts/type1/urw/times/utmb8a.pfb></usr/local/texli
ve/2025/texmf-dist/fonts/type1/urw/times/utmr8a.pfb></usr/local/texlive/2025/te
xmf-dist/fonts/type1/urw/times/utmr8a.pfb></usr/local/texlive/2025/texmf-dist/f
onts/type1/urw/times/utmri8a.pfb>
Output written on Rd2.pdf (15 pages, 194501 bytes).
Transcript written on Rd2.log.
This is makeindex, version 2.17 [TeX Live 2025] (kpathsea + Thai support).
Scanning input file Rd2.idx....done (65 entries accepted, 0 rejected).
Sorting entries....done (412 comparisons).
Generating output file Rd2.ind....done (76 lines written, 1 warning).
Output written in Rd2.ind.
Transcript written in Rd2.ilg.
This is pdfTeX, Version 3.141592653-2.6-1.40.27 (TeX Live 2025) (preloaded format=pdflatex)
 restricted \write18 enabled.
entering extended mode
LaTeX2e <2024-11-01> patch level 2
L3 programming layer <2025-01-18>
(./Rd2.tex
(/usr/local/texlive/2025/texmf-dist/tex/latex/base/book.cls
Document Class: book 2024/06/29 v1.4n Standard LaTeX document class
(/usr/local/texlive/2025/texmf-dist/tex/latex/base/bk10.clo))
(/Library/Frameworks/R.framework/Resources/share/texmf/tex/latex/Rd.sty
(/usr/local/texlive/2025/texmf-dist/tex/latex/base/ifthen.sty)
(/usr/local/texlive/2025/texmf-dist/tex/generic/iftex/iftex.sty)
(/usr/local/texlive/2025/texmf-dist/tex/latex/tools/longtable.sty)
(/usr/local/texlive/2025/texmf-dist/tex/latex/tools/bm.sty)
(/usr/local/texlive/2025/texmf-dist/tex/latex/base/alltt.sty)
(/usr/local/texlive/2025/texmf-dist/tex/latex/tools/verbatim.sty)
(/usr/local/texlive/2025/texmf-dist/tex/latex/url/url.sty)
(/usr/local/texlive/2025/texmf-dist/tex/latex/base/textcomp.sty)
(/usr/local/texlive/2025/texmf-dist/tex/latex/amsmath/amsmath.sty
For additional information on amsmath, use the `?' option.
(/usr/local/texlive/2025/texmf-dist/tex/latex/amsmath/amstext.sty
(/usr/local/texlive/2025/texmf-dist/tex/latex/amsmath/amsgen.sty))
(/usr/local/texlive/2025/texmf-dist/tex/latex/amsmath/amsbsy.sty)
(/usr/local/texlive/2025/texmf-dist/tex/latex/amsmath/amsopn.sty))
(/usr/local/texlive/2025/texmf-dist/tex/latex/amsfonts/amsfonts.sty)
(/usr/local/texlive/2025/texmf-dist/tex/latex/amsfonts/amssymb.sty)
(/usr/local/texlive/2025/texmf-dist/tex/latex/jknapltx/mathrsfs.sty)
(/usr/local/texlive/2025/texmf-dist/tex/latex/base/fontenc.sty)
(/usr/local/texlive/2025/texmf-dist/tex/latex/psnfss/times.sty)
(/usr/local/texlive/2025/texmf-dist/tex/latex/inconsolata/zi4.sty
`inconsolata-zi4' v1.12, 2019/05/17 Text macros for Inconsolata (msharpe)
(/usr/local/texlive/2025/texmf-dist/tex/latex/xkeyval/xkeyval.sty
(/usr/local/texlive/2025/texmf-dist/tex/generic/xkeyval/xkeyval.tex
(/usr/local/texlive/2025/texmf-dist/tex/generic/xkeyval/xkvutils.tex
(/usr/local/texlive/2025/texmf-dist/tex/generic/xkeyval/keyval.tex)))))
(/usr/local/texlive/2025/texmf-dist/tex/latex/graphics/color.sty
(/usr/local/texlive/2025/texmf-dist/tex/latex/graphics-cfg/color.cfg)
(/usr/local/texlive/2025/texmf-dist/tex/latex/graphics-def/pdftex.def)
(/usr/local/texlive/2025/texmf-dist/tex/latex/graphics/mathcolor.ltx))
(/usr/local/texlive/2025/texmf-dist/tex/latex/hyperref/hyperref.sty
(/usr/local/texlive/2025/texmf-dist/tex/latex/kvsetkeys/kvsetkeys.sty)
(/usr/local/texlive/2025/texmf-dist/tex/generic/kvdefinekeys/kvdefinekeys.sty)
(/usr/local/texlive/2025/texmf-dist/tex/generic/pdfescape/pdfescape.sty
(/usr/local/texlive/2025/texmf-dist/tex/generic/ltxcmds/ltxcmds.sty)
(/usr/local/texlive/2025/texmf-dist/tex/generic/pdftexcmds/pdftexcmds.sty
(/usr/local/texlive/2025/texmf-dist/tex/generic/infwarerr/infwarerr.sty)))
(/usr/local/texlive/2025/texmf-dist/tex/latex/hycolor/hycolor.sty)
(/usr/local/texlive/2025/texmf-dist/tex/latex/hyperref/nameref.sty
(/usr/local/texlive/2025/texmf-dist/tex/latex/refcount/refcount.sty)
(/usr/local/texlive/2025/texmf-dist/tex/generic/gettitlestring/gettitlestring.s
ty (/usr/local/texlive/2025/texmf-dist/tex/latex/kvoptions/kvoptions.sty)))
(/usr/local/texlive/2025/texmf-dist/tex/latex/etoolbox/etoolbox.sty)
(/usr/local/texlive/2025/texmf-dist/tex/generic/stringenc/stringenc.sty)
(/usr/local/texlive/2025/texmf-dist/tex/latex/hyperref/pd1enc.def)
(/usr/local/texlive/2025/texmf-dist/tex/generic/intcalc/intcalc.sty)
(/usr/local/texlive/2025/texmf-dist/tex/latex/hyperref/puenc.def)
(/usr/local/texlive/2025/texmf-dist/tex/generic/bitset/bitset.sty
(/usr/local/texlive/2025/texmf-dist/tex/generic/bigintcalc/bigintcalc.sty))
(/usr/local/texlive/2025/texmf-dist/tex/latex/base/atbegshi-ltx.sty))
(/usr/local/texlive/2025/texmf-dist/tex/latex/hyperref/hpdftex.def
(/usr/local/texlive/2025/texmf-dist/tex/latex/base/atveryend-ltx.sty)
(/usr/local/texlive/2025/texmf-dist/tex/latex/rerunfilecheck/rerunfilecheck.sty

(/usr/local/texlive/2025/texmf-dist/tex/generic/uniquecounter/uniquecounter.sty
)))) (/usr/local/texlive/2025/texmf-dist/tex/latex/base/makeidx.sty)
Writing index file Rd2.idx
(/usr/local/texlive/2025/texmf-dist/tex/latex/psnfss/t1ptm.fd)
(/usr/local/texlive/2025/texmf-dist/tex/latex/l3backend/l3backend-pdftex.def)
(/private/var/folders/qs/xwfx6cwx3p783n5_tv5m_vzrz7qjvm/T/RtmpPyTHFf/Rd2pdf28f5
4a9eb1ec/Rd2.aux)
(/usr/local/texlive/2025/texmf-dist/tex/context/base/mkii/supp-pdf.mkii
[Loading MPS to PDF converter (version 2006.09.02).]
)
(/private/var/folders/qs/xwfx6cwx3p783n5_tv5m_vzrz7qjvm/T/RtmpPyTHFf/Rd2pdf28f5
4a9eb1ec/Rd2.out)
(/private/var/folders/qs/xwfx6cwx3p783n5_tv5m_vzrz7qjvm/T/RtmpPyTHFf/Rd2pdf28f5
4a9eb1ec/Rd2.out)
(/usr/local/texlive/2025/texmf-dist/tex/latex/psnfss/ts1ptm.fd)
(/usr/local/texlive/2025/texmf-dist/tex/latex/inconsolata/t1zi4.fd)
(/usr/local/texlive/2025/texmf-dist/tex/latex/amsfonts/umsa.fd)
(/usr/local/texlive/2025/texmf-dist/tex/latex/amsfonts/umsb.fd)
(/usr/local/texlive/2025/texmf-dist/tex/latex/jknapltx/ursfs.fd)
(/private/var/folders/qs/xwfx6cwx3p783n5_tv5m_vzrz7qjvm/T/RtmpPyTHFf/Rd2pdf28f5
4a9eb1ec/Rd2.toc
[1{/usr/local/texlive/2025/texmf-var/fonts/map/pdftex/updmap/pdftex.map}{/usr/l
ocal/texlive/2025/texmf-dist/fonts/enc/dvips/base/8r.enc}{/usr/local/texlive/20
25/texmf-dist/fonts/enc/dvips/cm-super/cm-super-ts1.enc}{/usr/local/texlive/202
5/texmf-dist/fonts/enc/dvips/inconsolata/i4-t1-0.enc}])
[2]
[3]
Overfull \hbox (25.3983pt too wide) in paragraph at lines 204--207
[]\T1/ptm/m/n/10 Optional nu-meric start-ing vec-tor on the op-ti-mizer's scale
 ([]\T1/zi4/m/n/10 c(gamma, eta, log_alpha,

Overfull \hbox (0.89778pt too wide) in paragraph at lines 208--210
[]\T1/ptm/m/n/10 Optimizer method passed to [][]stats::optim[][][] ([]\T1/zi4/m
/n/10 "Nelder-Mead" []\T1/ptm/m/n/10 for the four-parameter

[4]
[5]
Overfull \hbox (41.558pt too wide) in paragraph at lines 279--285
\T1/ptm/m/n/10 through space and in-ter-act pref-er-en-tially with nearby ac-to
rs. It is pro-duced by [][][]\T1/zi4/m/n/10 simulate_conflict_events()[][][]

Overfull \hbox (18.1898pt too wide) in paragraph at lines 309--311
[]\T1/ptm/m/n/10 Generated by []\T1/zi4/m/n/10 data-raw/nigeria_sim.R []\T1/ptm
/m/n/10 via []\T1/zi4/m/n/10 simulate_conflict_events(n_actors = 25, n_events

[6]
[7]
Overfull \hbox (5.92906pt too wide) in paragraph at lines 404--406
[]\T1/zi4/m/n/10 "none" []\T1/ptm/m/n/10 (de-fault) re-turns dis-tance in km; [
]\T1/zi4/m/n/10 "log" []\T1/ptm/m/n/10 re-turns []\T1/zi4/m/n/10 log(distance +
 offset)[]\T1/ptm/m/n/10 ,

[8]
[9]
Overfull \hbox (14.93753pt too wide) in paragraph at lines 494--499
\T1/ptm/m/n/10 1987). Use it to pool es-ti-mands com-puted on each boot-strap/i
mputation repli-cate of [][][]\T1/zi4/m/n/10 bootstrap_pals()[][][]

[10] (/usr/local/texlive/2025/texmf-dist/tex/latex/inconsolata/ts1zi4.fd)
Overfull \hbox (13.6595pt too wide) in paragraph at lines 584--586
[]\T1/ptm/m/n/10 Optional [][]pal_events[][][] (for []\T1/zi4/m/n/10 type = "pa
l"[]\T1/ptm/m/n/10 ) or tar-get []\T1/zi4/m/n/10 data.frame []\T1/ptm/m/n/10 wi
th []\T1/zi4/m/n/10 actor1[]\T1/ptm/m/n/10 , []\T1/zi4/m/n/10 actor2[]\T1/ptm/m
/n/10 ,

[11{/usr/local/texlive/2025/texmf-dist/fonts/enc/dvips/inconsolata/i4-ts1.enc}]

[12]
[13]
[14]
(/private/var/folders/qs/xwfx6cwx3p783n5_tv5m_vzrz7qjvm/T/RtmpPyTHFf/Rd2pdf28f5
4a9eb1ec/Rd2.ind
[15]

LaTeX Font Warning: Font shape `T1/zi4/m/it' undefined
(Font)              using `T1/zi4/m/n' instead on input line 47.



[16])
(/private/var/folders/qs/xwfx6cwx3p783n5_tv5m_vzrz7qjvm/T/RtmpPyTHFf/Rd2pdf28f5
4a9eb1ec/Rd2.aux)

LaTeX Font Warning: Some font shapes were not available, defaults substituted.


Package rerunfilecheck Warning: File `Rd2.out' has changed.
(rerunfilecheck)                Rerun to get outlines right
(rerunfilecheck)                or use package `bookmark'.

 )
(see the transcript file for additional information)
pdfTeX warning (dest): name{Rfn.as.Date} has been referenced but does not exist
, replaced by a fixed one


pdfTeX warning (dest): name{Rfn.plot} has been referenced but does not exist, r
eplaced by a fixed one


pdfTeX warning (dest): name{Rfn.predict} has been referenced but does not exist
, replaced by a fixed one


pdfTeX warning (dest): name{Rfn.stats::optim} has been referenced but does not 
exist, replaced by a fixed one


pdfTeX warning (dest): name{Rfn.coef} has been referenced but does not exist, r
eplaced by a fixed one


pdfTeX warning (dest): name{Rfn.summary} has been referenced but does not exist
, replaced by a fixed one


pdfTeX warning (dest): name{Rfn.print} has been referenced but does not exist, 
replaced by a fixed one

</usr/local/texlive/2025/texmf-dist/fonts/type1/public/inconsolata/Inconsolata-
zi4r.pfb></usr/local/texlive/2025/texmf-dist/fonts/type1/public/amsfonts/cm/cme
x10.pfb></usr/local/texlive/2025/texmf-dist/fonts/type1/public/amsfonts/cm/cmmi
10.pfb></usr/local/texlive/2025/texmf-dist/fonts/type1/public/amsfonts/cm/cmmi5
.pfb></usr/local/texlive/2025/texmf-dist/fonts/type1/public/amsfonts/cm/cmmi7.p
fb></usr/local/texlive/2025/texmf-dist/fonts/type1/public/amsfonts/cm/cmr10.pfb
></usr/local/texlive/2025/texmf-dist/fonts/type1/public/amsfonts/cm/cmr7.pfb></
usr/local/texlive/2025/texmf-dist/fonts/type1/public/amsfonts/cm/cmsy10.pfb></u
sr/local/texlive/2025/texmf-dist/fonts/type1/public/amsfonts/cm/cmsy7.pfb></usr
/local/texlive/2025/texmf-dist/fonts/type1/public/cm-super/sfrm1000.pfb></usr/l
ocal/texlive/2025/texmf-dist/fonts/type1/urw/times/utmb8a.pfb></usr/local/texli
ve/2025/texmf-dist/fonts/type1/urw/times/utmr8a.pfb></usr/local/texlive/2025/te
xmf-dist/fonts/type1/urw/times/utmr8a.pfb></usr/local/texlive/2025/texmf-dist/f
onts/type1/urw/times/utmri8a.pfb>
Output written on Rd2.pdf (16 pages, 201420 bytes).
Transcript written on Rd2.log.
This is makeindex, version 2.17 [TeX Live 2025] (kpathsea + Thai support).
Scanning input file Rd2.idx....done (65 entries accepted, 0 rejected).
Sorting entries....done (412 comparisons).
Generating output file Rd2.ind....done (76 lines written, 0 warnings).
Output written in Rd2.ind.
Transcript written in Rd2.ilg.
This is pdfTeX, Version 3.141592653-2.6-1.40.27 (TeX Live 2025) (preloaded format=pdflatex)
 restricted \write18 enabled.
entering extended mode
LaTeX2e <2024-11-01> patch level 2
L3 programming layer <2025-01-18>
(./Rd2.tex
(/usr/local/texlive/2025/texmf-dist/tex/latex/base/book.cls
Document Class: book 2024/06/29 v1.4n Standard LaTeX document class
(/usr/local/texlive/2025/texmf-dist/tex/latex/base/bk10.clo))
(/Library/Frameworks/R.framework/Resources/share/texmf/tex/latex/Rd.sty
(/usr/local/texlive/2025/texmf-dist/tex/latex/base/ifthen.sty)
(/usr/local/texlive/2025/texmf-dist/tex/generic/iftex/iftex.sty)
(/usr/local/texlive/2025/texmf-dist/tex/latex/tools/longtable.sty)
(/usr/local/texlive/2025/texmf-dist/tex/latex/tools/bm.sty)
(/usr/local/texlive/2025/texmf-dist/tex/latex/base/alltt.sty)
(/usr/local/texlive/2025/texmf-dist/tex/latex/tools/verbatim.sty)
(/usr/local/texlive/2025/texmf-dist/tex/latex/url/url.sty)
(/usr/local/texlive/2025/texmf-dist/tex/latex/base/textcomp.sty)
(/usr/local/texlive/2025/texmf-dist/tex/latex/amsmath/amsmath.sty
For additional information on amsmath, use the `?' option.
(/usr/local/texlive/2025/texmf-dist/tex/latex/amsmath/amstext.sty
(/usr/local/texlive/2025/texmf-dist/tex/latex/amsmath/amsgen.sty))
(/usr/local/texlive/2025/texmf-dist/tex/latex/amsmath/amsbsy.sty)
(/usr/local/texlive/2025/texmf-dist/tex/latex/amsmath/amsopn.sty))
(/usr/local/texlive/2025/texmf-dist/tex/latex/amsfonts/amsfonts.sty)
(/usr/local/texlive/2025/texmf-dist/tex/latex/amsfonts/amssymb.sty)
(/usr/local/texlive/2025/texmf-dist/tex/latex/jknapltx/mathrsfs.sty)
(/usr/local/texlive/2025/texmf-dist/tex/latex/base/fontenc.sty)
(/usr/local/texlive/2025/texmf-dist/tex/latex/psnfss/times.sty)
(/usr/local/texlive/2025/texmf-dist/tex/latex/inconsolata/zi4.sty
`inconsolata-zi4' v1.12, 2019/05/17 Text macros for Inconsolata (msharpe)
(/usr/local/texlive/2025/texmf-dist/tex/latex/xkeyval/xkeyval.sty
(/usr/local/texlive/2025/texmf-dist/tex/generic/xkeyval/xkeyval.tex
(/usr/local/texlive/2025/texmf-dist/tex/generic/xkeyval/xkvutils.tex
(/usr/local/texlive/2025/texmf-dist/tex/generic/xkeyval/keyval.tex)))))
(/usr/local/texlive/2025/texmf-dist/tex/latex/graphics/color.sty
(/usr/local/texlive/2025/texmf-dist/tex/latex/graphics-cfg/color.cfg)
(/usr/local/texlive/2025/texmf-dist/tex/latex/graphics-def/pdftex.def)
(/usr/local/texlive/2025/texmf-dist/tex/latex/graphics/mathcolor.ltx))
(/usr/local/texlive/2025/texmf-dist/tex/latex/hyperref/hyperref.sty
(/usr/local/texlive/2025/texmf-dist/tex/latex/kvsetkeys/kvsetkeys.sty)
(/usr/local/texlive/2025/texmf-dist/tex/generic/kvdefinekeys/kvdefinekeys.sty)
(/usr/local/texlive/2025/texmf-dist/tex/generic/pdfescape/pdfescape.sty
(/usr/local/texlive/2025/texmf-dist/tex/generic/ltxcmds/ltxcmds.sty)
(/usr/local/texlive/2025/texmf-dist/tex/generic/pdftexcmds/pdftexcmds.sty
(/usr/local/texlive/2025/texmf-dist/tex/generic/infwarerr/infwarerr.sty)))
(/usr/local/texlive/2025/texmf-dist/tex/latex/hycolor/hycolor.sty)
(/usr/local/texlive/2025/texmf-dist/tex/latex/hyperref/nameref.sty
(/usr/local/texlive/2025/texmf-dist/tex/latex/refcount/refcount.sty)
(/usr/local/texlive/2025/texmf-dist/tex/generic/gettitlestring/gettitlestring.s
ty (/usr/local/texlive/2025/texmf-dist/tex/latex/kvoptions/kvoptions.sty)))
(/usr/local/texlive/2025/texmf-dist/tex/latex/etoolbox/etoolbox.sty)
(/usr/local/texlive/2025/texmf-dist/tex/generic/stringenc/stringenc.sty)
(/usr/local/texlive/2025/texmf-dist/tex/latex/hyperref/pd1enc.def)
(/usr/local/texlive/2025/texmf-dist/tex/generic/intcalc/intcalc.sty)
(/usr/local/texlive/2025/texmf-dist/tex/latex/hyperref/puenc.def)
(/usr/local/texlive/2025/texmf-dist/tex/generic/bitset/bitset.sty
(/usr/local/texlive/2025/texmf-dist/tex/generic/bigintcalc/bigintcalc.sty))
(/usr/local/texlive/2025/texmf-dist/tex/latex/base/atbegshi-ltx.sty))
(/usr/local/texlive/2025/texmf-dist/tex/latex/hyperref/hpdftex.def
(/usr/local/texlive/2025/texmf-dist/tex/latex/base/atveryend-ltx.sty)
(/usr/local/texlive/2025/texmf-dist/tex/latex/rerunfilecheck/rerunfilecheck.sty

(/usr/local/texlive/2025/texmf-dist/tex/generic/uniquecounter/uniquecounter.sty
)))) (/usr/local/texlive/2025/texmf-dist/tex/latex/base/makeidx.sty)
Writing index file Rd2.idx
(/usr/local/texlive/2025/texmf-dist/tex/latex/psnfss/t1ptm.fd)
(/usr/local/texlive/2025/texmf-dist/tex/latex/l3backend/l3backend-pdftex.def)
(/private/var/folders/qs/xwfx6cwx3p783n5_tv5m_vzrz7qjvm/T/RtmpPyTHFf/Rd2pdf28f5
4a9eb1ec/Rd2.aux)
(/usr/local/texlive/2025/texmf-dist/tex/context/base/mkii/supp-pdf.mkii
[Loading MPS to PDF converter (version 2006.09.02).]
)
(/private/var/folders/qs/xwfx6cwx3p783n5_tv5m_vzrz7qjvm/T/RtmpPyTHFf/Rd2pdf28f5
4a9eb1ec/Rd2.out)
(/private/var/folders/qs/xwfx6cwx3p783n5_tv5m_vzrz7qjvm/T/RtmpPyTHFf/Rd2pdf28f5
4a9eb1ec/Rd2.out)
(/usr/local/texlive/2025/texmf-dist/tex/latex/psnfss/ts1ptm.fd)
(/usr/local/texlive/2025/texmf-dist/tex/latex/inconsolata/t1zi4.fd)
(/usr/local/texlive/2025/texmf-dist/tex/latex/amsfonts/umsa.fd)
(/usr/local/texlive/2025/texmf-dist/tex/latex/amsfonts/umsb.fd)
(/usr/local/texlive/2025/texmf-dist/tex/latex/jknapltx/ursfs.fd)
(/private/var/folders/qs/xwfx6cwx3p783n5_tv5m_vzrz7qjvm/T/RtmpPyTHFf/Rd2pdf28f5
4a9eb1ec/Rd2.toc
[1{/usr/local/texlive/2025/texmf-var/fonts/map/pdftex/updmap/pdftex.map}{/usr/l
ocal/texlive/2025/texmf-dist/fonts/enc/dvips/base/8r.enc}{/usr/local/texlive/20
25/texmf-dist/fonts/enc/dvips/cm-super/cm-super-ts1.enc}{/usr/local/texlive/202
5/texmf-dist/fonts/enc/dvips/inconsolata/i4-t1-0.enc}])
[2]
[3]
Overfull \hbox (25.3983pt too wide) in paragraph at lines 204--207
[]\T1/ptm/m/n/10 Optional nu-meric start-ing vec-tor on the op-ti-mizer's scale
 ([]\T1/zi4/m/n/10 c(gamma, eta, log_alpha,

Overfull \hbox (0.89778pt too wide) in paragraph at lines 208--210
[]\T1/ptm/m/n/10 Optimizer method passed to [][]stats::optim[][][] ([]\T1/zi4/m
/n/10 "Nelder-Mead" []\T1/ptm/m/n/10 for the four-parameter

[4]
[5]
Overfull \hbox (41.558pt too wide) in paragraph at lines 279--285
\T1/ptm/m/n/10 through space and in-ter-act pref-er-en-tially with nearby ac-to
rs. It is pro-duced by [][][]\T1/zi4/m/n/10 simulate_conflict_events()[][][]

Overfull \hbox (18.1898pt too wide) in paragraph at lines 309--311
[]\T1/ptm/m/n/10 Generated by []\T1/zi4/m/n/10 data-raw/nigeria_sim.R []\T1/ptm
/m/n/10 via []\T1/zi4/m/n/10 simulate_conflict_events(n_actors = 25, n_events

[6]
[7]
Overfull \hbox (5.92906pt too wide) in paragraph at lines 404--406
[]\T1/zi4/m/n/10 "none" []\T1/ptm/m/n/10 (de-fault) re-turns dis-tance in km; [
]\T1/zi4/m/n/10 "log" []\T1/ptm/m/n/10 re-turns []\T1/zi4/m/n/10 log(distance +
 offset)[]\T1/ptm/m/n/10 ,

[8]
[9]
Overfull \hbox (14.93753pt too wide) in paragraph at lines 494--499
\T1/ptm/m/n/10 1987). Use it to pool es-ti-mands com-puted on each boot-strap/i
mputation repli-cate of [][][]\T1/zi4/m/n/10 bootstrap_pals()[][][]

[10] (/usr/local/texlive/2025/texmf-dist/tex/latex/inconsolata/ts1zi4.fd)
Overfull \hbox (13.6595pt too wide) in paragraph at lines 584--586
[]\T1/ptm/m/n/10 Optional [][]pal_events[][][] (for []\T1/zi4/m/n/10 type = "pa
l"[]\T1/ptm/m/n/10 ) or tar-get []\T1/zi4/m/n/10 data.frame []\T1/ptm/m/n/10 wi
th []\T1/zi4/m/n/10 actor1[]\T1/ptm/m/n/10 , []\T1/zi4/m/n/10 actor2[]\T1/ptm/m
/n/10 ,

[11{/usr/local/texlive/2025/texmf-dist/fonts/enc/dvips/inconsolata/i4-ts1.enc}]

[12]
[13]
[14]
(/private/var/folders/qs/xwfx6cwx3p783n5_tv5m_vzrz7qjvm/T/RtmpPyTHFf/Rd2pdf28f5
4a9eb1ec/Rd2.ind
[15]

LaTeX Font Warning: Font shape `T1/zi4/m/it' undefined
(Font)              using `T1/zi4/m/n' instead on input line 47.



[16])
(/private/var/folders/qs/xwfx6cwx3p783n5_tv5m_vzrz7qjvm/T/RtmpPyTHFf/Rd2pdf28f5
4a9eb1ec/Rd2.aux)

LaTeX Font Warning: Some font shapes were not available, defaults substituted.

 )
(see the transcript file for additional information)
pdfTeX warning (dest): name{Rfn.as.Date} has been referenced but does not exist
, replaced by a fixed one


pdfTeX warning (dest): name{Rfn.plot} has been referenced but does not exist, r
eplaced by a fixed one


pdfTeX warning (dest): name{Rfn.predict} has been referenced but does not exist
, replaced by a fixed one


pdfTeX warning (dest): name{Rfn.stats::optim} has been referenced but does not 
exist, replaced by a fixed one


pdfTeX warning (dest): name{Rfn.coef} has been referenced but does not exist, r
eplaced by a fixed one


pdfTeX warning (dest): name{Rfn.summary} has been referenced but does not exist
, replaced by a fixed one


pdfTeX warning (dest): name{Rfn.print} has been referenced but does not exist, 
replaced by a fixed one

</usr/local/texlive/2025/texmf-dist/fonts/type1/public/inconsolata/Inconsolata-
zi4r.pfb></usr/local/texlive/2025/texmf-dist/fonts/type1/public/amsfonts/cm/cme
x10.pfb></usr/local/texlive/2025/texmf-dist/fonts/type1/public/amsfonts/cm/cmmi
10.pfb></usr/local/texlive/2025/texmf-dist/fonts/type1/public/amsfonts/cm/cmmi5
.pfb></usr/local/texlive/2025/texmf-dist/fonts/type1/public/amsfonts/cm/cmmi7.p
fb></usr/local/texlive/2025/texmf-dist/fonts/type1/public/amsfonts/cm/cmr10.pfb
></usr/local/texlive/2025/texmf-dist/fonts/type1/public/amsfonts/cm/cmr7.pfb></
usr/local/texlive/2025/texmf-dist/fonts/type1/public/amsfonts/cm/cmsy10.pfb></u
sr/local/texlive/2025/texmf-dist/fonts/type1/public/amsfonts/cm/cmsy7.pfb></usr
/local/texlive/2025/texmf-dist/fonts/type1/public/cm-super/sfrm1000.pfb></usr/l
ocal/texlive/2025/texmf-dist/fonts/type1/urw/times/utmb8a.pfb></usr/local/texli
ve/2025/texmf-dist/fonts/type1/urw/times/utmr8a.pfb></usr/local/texlive/2025/te
xmf-dist/fonts/type1/urw/times/utmr8a.pfb></usr/local/texlive/2025/texmf-dist/f
onts/type1/urw/times/utmri8a.pfb>
Output written on Rd2.pdf (16 pages, 201737 bytes).
Transcript written on Rd2.log.
Saving output to ‘palsr-manual.pdf’ ...
Done
You may want to clean up by 'rm -Rf /var/folders/qs/xwfx6cwx3p783n5_tv5m_vzrz7qjvm/T//RtmpPyTHFf/Rd2pdf28f54a9eb1ec'
